<?xml version="1.0" encoding="UTF-8"?>
<testng-results skipped="0" failed="0" ignored="1" total="2" passed="1">
  <reporter-output>
  </reporter-output>
  <suite name="Default suite" duration-ms="48" started-at="2019-05-01T23:06:57Z" finished-at="2019-05-01T23:06:57Z">
    <groups>
    </groups>
    <test name="Default test" duration-ms="48" started-at="2019-05-01T23:06:57Z" finished-at="2019-05-01T23:06:57Z">
      <class name="com.ReadData">
        <test-method status="PASS" signature="readTxt()[pri:0, instance:com.ReadData@1e88b3c]" name="readTxt" duration-ms="29" started-at="2019-05-01T23:06:57Z" finished-at="2019-05-01T23:06:57Z">
          <reporter-output>
          </reporter-output>
        </test-method> <!-- readTxt -->
      </class> <!-- com.ReadData -->
    </test> <!-- Default test -->
  </suite> <!-- Default suite -->
</testng-results>
