<?xml version="1.0" encoding="UTF-8"?>
<!-- Generated by org.testng.reporters.JUnitXMLReporter -->
<testsuite hostname="bittechs-imac-3.lan" ignored="0" name="jaichatai" tests="2" failures="1" timestamp="25 Apr 2019 00:07:12 GMT" time="5.436" errors="0">
  <testcase name="m2" time="1.08" classname="com.bit.test.RegressionTest">
    <failure type="java.lang.AssertionError" message="null">
      <![CDATA[java.lang.AssertionError: null
at com.bit.test.RegressionTest.m2(RegressionTest.java:31)
at java.util.concurrent.FutureTask.run(FutureTask.java:266)
at java.util.concurrent.ThreadPoolExecutor.runWorker(ThreadPoolExecutor.java:1149)
at java.util.concurrent.ThreadPoolExecutor$Worker.run(ThreadPoolExecutor.java:624)
at java.lang.Thread.run(Thread.java:748)
... Removed 18 stack frames]]>
    </failure>
  </testcase> <!-- m2 -->
  <testcase name="m1" time="1.62" classname="com.bit.test.SmokeTest"/>
</testsuite> <!-- jaichatai -->
