<?xml version="1.0" encoding="UTF-8"?>
<!-- Generated by org.testng.reporters.JUnitXMLReporter -->
<testsuite hostname="bittechs-imac-3.lan" ignored="2" name="Default test" tests="2" failures="0" timestamp="24 Apr 2019 22:27:54 GMT" time="0.043" errors="0">
  <testcase name="fjhg" time="0.005" classname="com.bit.test.RegressionTest"/>
  <testcase name="fjhg" time="0.001" classname="com.bit.test.RegressionTest"/>
  <testcase name="m1" time="0.0" classname="com.bit.test.RegressionTest">
    <ignored/>
  </testcase> <!-- m1 -->
  <testcase name="m2" time="0.0" classname="com.bit.test.RegressionTest">
    <ignored/>
  </testcase> <!-- m2 -->
</testsuite> <!-- Default test -->
