<?xml version="1.0" encoding="UTF-8"?>
<!-- Generated by org.testng.reporters.JUnitXMLReporter -->
<testsuite hostname="bittechs-imac-3.lan" ignored="1" name="fdgh" tests="2" failures="0" timestamp="23 Apr 2019 00:22:47 GMT" time="0.033" errors="0">
  <testcase name="m2" time="0.009" classname="com.bit.test.RegressionTest"/>
  <testcase name="m3" time="0.001" classname="com.bit.test.SmokeTest"/>
  <testcase name="m1" time="0.0" classname="com.bit.test.RegressionTest">
    <ignored/>
  </testcase> <!-- m1 -->
</testsuite> <!-- fdgh -->
